android/build/outputs/mapping/release/seeds.txt
ru.samsung.gamestudio.AndroidLauncher
ru.samsung.gamestudio.game.DifficultyManager$Level: ru.samsung.gamestudio.game.DifficultyManager$Level[] values()
ru.samsung.gamestudio.game.DifficultyManager$Level: ru.samsung.gamestudio.game.DifficultyManager$Level valueOf(java.lang.String)
ru.samsung.gamestudio.AndroidLauncher: AndroidLauncher()
...
kotlinx.coroutines.android.AndroidDispatcherFactory: java.lang.String hintOnError()
androidx.core.app.RemoteActionCompatParcelizer: androidx.core.app.RemoteActionCompat read(androidx.versionedparcelable.VersionedParcel)
com.badlogic.gdx.graphics.glutils.GLVersion$Type: com.badlogic.gdx.graphics.glutils.GLVersion$Type[] values()
com.badlogic.gdx.graphics.TextureData$TextureDataType: com.badlogic.gdx.graphics.TextureData$TextureDataType[] values()
com.badlogic.gdx.graphics.Texture$TextureWrap: com.badlogic.gdx.graphics.Texture$TextureWrap[] values()
com.badlogic.gdx.Files$FileType: com.badlogic.gdx.Files$FileType valueOf(java.lang.String)
androidx.core.graphics.drawable.IconCompatParcelizer: IconCompatParcelizer()
kotlinx.coroutines.scheduling.CoroutineScheduler$WorkerState: kotlinx.coroutines.scheduling.CoroutineScheduler$WorkerState valueOf(java.lang.String)
androidx.core.graphics.drawable.IconCompat$Api26Impl: android.graphics.drawable.Drawable createAdaptiveIconDrawable(android.graphics.drawable.Drawable,android.graphics.drawable.Drawable)
com.badlogic.gdx.graphics.Texture$TextureWrap: com.badlogic.gdx.graphics.Texture$TextureWrap valueOf(java.lang.String)
com.badlogic.gdx.graphics.glutils.ETC1: void decodeImage(java.nio.ByteBuffer,int,java.nio.ByteBuffer,int,int,int,int)
androidx.core.graphics.drawable.IconCompat$Api28Impl: android.net.Uri getUri(java.lang.Object)
com.badlogic.gdx.graphics.glutils.ETC1: boolean isValidPKM(java.nio.ByteBuffer,int)
kotlin.coroutines.AbstractCoroutineContextElement: kotlin.coroutines.CoroutineContext minusKey(kotlin.coroutines.CoroutineContext$Key)
com.badlogic.gdx.Application$ApplicationType: com.badlogic.gdx.Application$ApplicationType valueOf(java.lang.String)
com.badlogic.gdx.Files$FileType: com.badlogic.gdx.Files$FileType[] values()
com.badlogic.gdx.graphics.g2d.Gdx2DPixmap: void free(long)
com.badlogic.gdx.graphics.TextureData$TextureDataType: com.badlogic.gdx.graphics.TextureData$TextureDataType valueOf(java.lang.String)
androidx.core.graphics.drawable.IconCompat: IconCompat()
androidx.core.graphics.drawable.IconCompat$Api28Impl: int getType(java.lang.Object)
android.support.v4.app.RemoteActionCompatParcelizer: androidx.core.app.RemoteActionCompat read(androidx.versionedparcelable.VersionedParcel)
androidx.core.graphics.drawable.IconCompat$Api28Impl: java.lang.String getResPackage(java.lang.Object)
com.badlogic.gdx.graphics.Pixmap$Format: com.badlogic.gdx.graphics.Pixmap$Format valueOf(java.lang.String)
androidx.core.app.RemoteActionCompatParcelizer: RemoteActionCompatParcelizer()
com.badlogic.gdx.graphics.Pixmap$Filter: com.badlogic.gdx.graphics.Pixmap$Filter[] values()
com.badlogic.gdx.Input$Orientation: com.badlogic.gdx.Input$Orientation[] values()
androidx.core.graphics.drawable.IconCompatParcelizer: void write(androidx.core.graphics.drawable.IconCompat,androidx.versionedparcelable.VersionedParcel)
com.badlogic.gdx.graphics.g2d.Gdx2DPixmap: java.nio.ByteBuffer newPixmap(long[],int,int,int)
kotlinx.coroutines.android.AndroidDispatcherFactory: kotlinx.coroutines.MainCoroutineDispatcher createDispatcher(java.util.List)
androidx.core.graphics.drawable.IconCompat$Api26Impl: android.graphics.drawable.Icon createWithAdaptiveBitmap(android.graphics.Bitmap)
com.badlogic.gdx.graphics.glutils.ETC1: int getWidthPKM(java.nio.ByteBuffer,int)
com.badlogic.gdx.graphics.Mesh$VertexDataType: com.badlogic.gdx.graphics.Mesh$VertexDataType[] values()
com.badlogic.gdx.graphics.Texture$TextureFilter: com.badlogic.gdx.graphics.Texture$TextureFilter[] values()
androidx.core.graphics.drawable.IconCompatParcelizer: androidx.core.graphics.drawable.IconCompat read(androidx.versionedparcelable.VersionedParcel)
android.support.v4.graphics.drawable.IconCompatParcelizer: IconCompatParcelizer()
androidx.core.graphics.drawable.IconCompat$Api23Impl: android.graphics.drawable.Drawable loadDrawable(android.graphics.drawable.Icon,android.content.Context)