android/build/outputs/mapping/release/mapping.txt
# compiler: R8
# compiler_version: 8.2.33
# min_api: 14
# common_typos_disable
# {"id":"com.android.tools.r8.mapping","version":"2.2"}
# pg_map_id: c434000
# pg_map_hash: SHA-256 c4340008e501a6027db823250d47c0db39eeb28ecc5b48a4eba30c519e272d2c
ru.samsung.gamestudio.AndroidLauncher -> ru.samsung.gamestudio.AndroidLauncher:
# {"id":"sourceFile","fileName":"AndroidLauncher.java"}
ru.samsung.gamestudio.MyGdxGame -> g0.a:
# {"id":"sourceFile","fileName":"MyGdxGame.java"}
    com.badlogic.gdx.graphics.g2d.SpriteBatch batch -> b
      # {"id":"com.android.tools.r8.residualsignature","signature":"Lh/e;"}
    com.badlogic.gdx.graphics.OrthographicCamera camera -> c
      # {"id":"com.android.tools.r8.residualsignature","signature":"Lg/i;"}
    ru.samsung.gamestudio.screens.ScreenGame screenGame -> d
      # {"id":"com.android.tools.r8.residualsignature","signature":"Lm0/b;"}
    ru.samsung.gamestudio.screens.ScreenRestart screenRestart -> e
      # {"id":"com.android.tools.r8.residualsignature","signature":"Lm0/h;"}
    ru.samsung.gamestudio.screens.ScreenMenu screenMenu -> f
      # {"id":"com.android.tools.r8.residualsignature","signature":"Lm0/d;"}
    ru.samsung.gamestudio.screens.ScreenSettings screenSettings -> g
      # {"id":"com.android.tools.r8.residualsignature","signature":"Lm0/i;"}
    ru.samsung.gamestudio.screens.ScreenPause screenPause -> h
      # {"id":"com.android.tools.r8.residualsignature","signature":"Lm0/e;"}
    ru.samsung.gamestudio.screens.ScreenAchievements screenAchievements -> i
      # {"id":"com.android.tools.r8.residualsignature","signature":"Lm0/a;"}
    ru.samsung.gamestudio.screens.ScreenLeaderboard screenLeaderboard -> j
      # {"id":"com.android.tools.r8.residualsignature","signature":"Lm0/c;"}
    ru.samsung.gamestudio.screens.ScreenProfile screenProfile -> k
ru.samsung.gamestudio.achievements.Achievement -> h0.a:
# {"id":"sourceFile","fileName":"Achievement.java"}
    java.lang.String id -> a
    java.lang.String name -> b
    java.lang.String description -> c
    boolean unlocked -> d
    1:1:void <init>(java.lang.String,java.lang.String,java.lang.String):0:0 -> <init>
ru.samsung.gamestudio.achievements.AchievementManager -> h0.b:
# {"id":"sourceFile","fileName":"AchievementManager.java"}
    java.util.List achievements -> a
    com.badlogic.gdx.Preferences prefs -> b
      # {"id":"com.android.tools.r8.residualsignature","signature":"Lc/n;"}
    1:1:void <init>():0:0 -> <init>
    1:1:java.util.List getAchievements():0:0 -> a
    1:1:void init():0:0 -> b
    1:1:void load():0:0 -> c
ru.samsung.gamestudio.characters.Bird -> i0.a:
# {"id":"sourceFile","fileName":"Bird.java"}
    float x -> a
    float y -> b
    int width -> c
    int height -> d
    float velocityY -> e
    float gravity -> f
    float jumpForce -> g
    float rotation -> h
    int frameCounter -> i
    com.badlogic.gdx.graphics.Texture[] framesArray -> j
      # {"id":"com.android.tools.r8.residualsignature","signature":"[Lg/l;"}
    boolean shielded -> k
    float sizeMultiplier -> l
    1:1:void <init>(float,float,int,int):0:0 -> <init>
    1:1:void draw(com.badlogic.gdx.graphics.g2d.Batch):0:0 -> a
      # {"id":"com.android.tools.r8.residualsignature","signature":"(Lh/a;)V"}
    1:1:boolean isInField():0:0 -> b
    1:1:void jump():0:0 -> c
    1:1:void setY(float):0:0 -> d
    1:1:void update(float):0:0 -> e
ru.samsung.gamestudio.characters.Star -> i0.b:
# {"id":"sourceFile","fileName":"Star.java"}
    float x -> a
    float y -> b
    int width -> c
    int height -> d
    float speed -> e
    boolean collected -> f
    com.badlogic.gdx.graphics.Texture texture -> g
      # {"id":"com.android.tools.r8.residualsignature","signature":"Lg/l;"}
    float animationTimer -> h
    1:1:void <init>(float,float,float):0:0 -> <init>
    1:1:void draw(com.badlogic.gdx.graphics.g2d.Batch):0:0 -> a
      # {"id":"com.android.tools.r8.residualsignature","signature":"(Lh/a;)V"}
    1:1:boolean isCollected(ru.samsung.gamestudio.characters.Bird):0:0 -> b
      # {"id":"com.android.tools.r8.residualsignature","signature":"(Li0/a;)Z"}
    1:1:void recycle():0:0 -> c
    1:1:void update(float):0:0 -> d
...
kotlin.ranges.IntRange$Companion -> z.c$a:
# {"id":"sourceFile","fileName":"Ranges.kt"}
    void <init>() -> <init>
    1:1:void <init>(kotlin.jvm.internal.DefaultConstructorMarker):0:0 -> <init>
      # {"id":"com.android.tools.r8.residualsignature","signature":"(Lw/b;)V"}
kotlin.ranges.RangesKt -> z.d:
    1:1:int coerceAtLeast(int,int):0:0 -> a
      # {"id":"com.android.tools.r8.synthesized"}
    1:1:int coerceAtMost(int,int):0:0 -> b
      # {"id":"com.android.tools.r8.synthesized"}
    1:1:long coerceAtMost(long,long):0:0 -> c
      # {"id":"com.android.tools.r8.synthesized"}
    1:1:kotlin.ranges.IntProgression downTo(int,int):0:0 -> d
      # {"id":"com.android.tools.r8.synthesized"}
      # {"id":"com.android.tools.r8.residualsignature","signature":"(II)Lz/a;"}
kotlin.ranges.RangesKt__RangesKt -> z.e:
# {"id":"sourceFile","fileName":"Ranges.kt"}
kotlin.ranges.RangesKt___RangesKt -> z.f:
# {"id":"sourceFile","fileName":"_Ranges.kt"}
    1:1:int coerceAtLeast(int,int):0:0 -> a
    1:1:int coerceAtMost(int,int):0:0 -> b
    1:1:long coerceAtMost(long,long):0:0 -> c
    1:1:kotlin.ranges.IntProgression downTo(int,int):0:0 -> d
      # {"id":"com.android.tools.r8.residualsignature","signature":"(II)Lz/a;"}
kotlin.reflect.KClass -> a0.a:
# {"id":"sourceFile","fileName":"KClass.kt"}
kotlin.sequences.ConstrainedOnceSequence -> b0.a:
# {"id":"sourceFile","fileName":"SequencesJVM.kt"}
    java.util.concurrent.atomic.AtomicReference sequenceRef -> a
    1:1:void <init>(kotlin.sequences.Sequence):0:0 -> <init>
      # {"id":"com.android.tools.r8.residualsignature","signature":"(Lb0/b;)V"}
    1:1:java.util.Iterator iterator():0:0 -> iterator
kotlin.sequences.Sequence -> b0.b:
# {"id":"sourceFile","fileName":"Sequence.kt"}
    java.util.Iterator iterator() -> iterator
kotlin.sequences.SequencesKt -> b0.c:
    1:1:kotlin.sequences.Sequence asSequence(java.util.Iterator):0:0 -> a
      # {"id":"com.android.tools.r8.synthesized"}
      # {"id":"com.android.tools.r8.residualsignature","signature":"(Ljava/util/Iterator;)Lb0/b;"}
    1:1:java.util.List toList(kotlin.sequences.Sequence):0:0 -> d
      # {"id":"com.android.tools.r8.synthesized"}
      # {"id":"com.android.tools.r8.residualsignature","signature":"(Lb0/b;)Ljava/util/List;"}
kotlin.sequences.SequencesKt__SequenceBuilderKt -> b0.d:
# {"id":"sourceFile","fileName":"SequenceBuilder.kt"}
kotlin.sequences.SequencesKt__SequencesJVMKt -> b0.e:
# {"id":"sourceFile","fileName":"SequencesJVM.kt"}
kotlin.sequences.SequencesKt__SequencesKt -> b0.f:
# {"id":"sourceFile","fileName":"Sequences.kt"}
    1:1:kotlin.sequences.Sequence asSequence(java.util.Iterator):0:0 -> a
      # {"id":"com.android.tools.r8.residualsignature","signature":"(Ljava/util/Iterator;)Lb0/b;"}
    1:1:kotlin.sequences.Sequence constrainOnce(kotlin.sequences.Sequence):0:0 -> b
      # {"id":"com.android.tools.r8.residualsignature","signature":"(Lb0/b;)Lb0/b;"}
kotlin.sequences.SequencesKt__SequencesKt$asSequence$$inlined$Sequence$1 -> b0.f$a:
# {"id":"sourceFile","fileName":"Sequences.kt"}
    java.util.Iterator $this_asSequence$inlined -> a
    1:1:void <init>(java.util.Iterator):0:0 -> <init>
    1:1:java.util.Iterator iterator():0:0 -> iterator
kotlin.sequences.SequencesKt___SequencesJvmKt -> b0.g:
# {"id":"sourceFile","fileName":"_SequencesJvm.kt"}
kotlin.sequences.SequencesKt___SequencesKt -> b0.h:
# {"id":"sourceFile","fileName":"_Sequences.kt"}
    1:1:java.util.Collection toCollection(kotlin.sequences.Sequence,java.util.Collection):0:0 -> c
      # {"id":"com.android.tools.r8.residualsignature","signature":"(Lb0/b;Ljava/util/Collection;)Ljava/util/Collection;"}
    1:1:java.util.List toList(kotlin.sequences.Sequence):0:0 -> d
      # {"id":"com.android.tools.r8.residualsignature","signature":"(Lb0/b;)Ljava/util/List;"}
    1:1:java.util.List toMutableList(kotlin.sequences.Sequence):0:0 -> e
      # {"id":"com.android.tools.r8.residualsignature","signature":"(Lb0/b;)Ljava/util/List;"}