android/build/outputs/mapping/release/usage.txt
ru.samsung.gamestudio.R$color
ru.samsung.gamestudio.R$drawable
ru.samsung.gamestudio.R$string
ru.samsung.gamestudio.R$style
ru.samsung.gamestudio.R
ru.samsung.gamestudio.achievements.Achievement:
    com.badlogic.gdx.graphics.Texture icon
    public boolean checkCondition(ru.samsung.gamestudio.achievements.ScoreManagerWrapper)
ru.samsung.gamestudio.achievements.AchievementManager:
    public java.util.List checkNewAchievements(int,int,int)
    public void save()
ru.samsung.gamestudio.achievements.ScoreManagerWrapper
ru.samsung.gamestudio.assets.GameAssetManager
ru.samsung.gamestudio.audio.AudioManager
ru.samsung.gamestudio.characters.Bird:
    public boolean magnetized
    public void dispose()
ru.samsung.gamestudio.characters.Star:
    public void dispose()
ru.samsung.gamestudio.characters.Tube:
    public void dispose()
ru.samsung.gamestudio.components.MovingBackground:
    public void dispose()
ru.samsung.gamestudio.components.PointCounter:
    public void dispose()
ru.samsung.gamestudio.components.TextButton:
    public void dispose()
ru.samsung.gamestudio.effects.ParticleSystem:
    public void dispose()
ru.samsung.gamestudio.effects.ScreenShake:
    public boolean isActive()
ru.samsung.gamestudio.game.DifficultyManager:
    public ru.samsung.gamestudio.game.DifficultyManager$Level getLevel(int)
ru.samsung.gamestudio.powerups.MagnetPowerUp
ru.samsung.gamestudio.powerups.PowerUp
ru.samsung.gamestudio.powerups.ShieldPowerUp
ru.samsung.gamestudio.powerups.ShrinkPowerUp
ru.samsung.gamestudio.powerups.SpeedPowerUp
ru.samsung.gamestudio.screens.ScreenAchievements:
    public void dispose()
ru.samsung.gamestudio.screens.ScreenGame:
    public void dispose()
ru.samsung.gamestudio.screens.ScreenLeaderboard:
    public void dispose()
ru.samsung.gamestudio.screens.ScreenMenu:
    public void dispose()
ru.samsung.gamestudio.screens.ScreenPause:
    public void dispose()
ru.samsung.gamestudio.screens.ScreenProfile:
    public void dispose()
ru.samsung.gamestudio.screens.ScreenRestart:
    public void dispose()
ru.samsung.gamestudio.screens.ScreenSettings:
    public void dispose()
ru.samsung.gamestudio.screens.ScreenTutorial:
    public void dispose()
ru.samsung.gamestudio.storage.ScoreManager:
    public void addStars(int)
    public java.util.Map getAllStats()
    public int getRank(int)
    public void setPlayerName(java.lang.String)
...
kotlinx.coroutines.flow.FlowKt__ZipKt$combineTransform$$inlined$combineTransformUnsafe$FlowKt__ZipKt$3$1
kotlinx.coroutines.flow.FlowKt__ZipKt$combineTransform$$inlined$combineTransformUnsafe$FlowKt__ZipKt$3
kotlinx.coroutines.flow.FlowKt__ZipKt$combineTransform$$inlined$combineTransformUnsafe$FlowKt__ZipKt$4$1
kotlinx.coroutines.flow.FlowKt__ZipKt$combineTransform$$inlined$combineTransformUnsafe$FlowKt__ZipKt$4
kotlinx.coroutines.flow.FlowKt__ZipKt$combineTransform$$inlined$combineTransformUnsafe$FlowKt__ZipKt$5$1
kotlinx.coroutines.flow.FlowKt__ZipKt$combineTransform$$inlined$combineTransformUnsafe$FlowKt__ZipKt$5
kotlinx.coroutines.flow.FlowKt__ZipKt$combineTransform$6$1
kotlinx.coroutines.flow.FlowKt__ZipKt$combineTransform$6$2
kotlinx.coroutines.flow.FlowKt__ZipKt$combineTransform$6
kotlinx.coroutines.flow.FlowKt__ZipKt$combineTransform$7$1
kotlinx.coroutines.flow.FlowKt__ZipKt$combineTransform$7$2
kotlinx.coroutines.flow.FlowKt__ZipKt$combineTransform$7
kotlinx.coroutines.flow.FlowKt__ZipKt$combineTransformUnsafe$1$1
kotlinx.coroutines.flow.FlowKt__ZipKt$combineTransformUnsafe$1
kotlinx.coroutines.flow.FlowKt__ZipKt$combineUnsafe$$inlined$unsafeFlow$1$1
kotlinx.coroutines.flow.FlowKt__ZipKt$combineUnsafe$$inlined$unsafeFlow$1
kotlinx.coroutines.flow.FlowKt__ZipKt$combineUnsafe$1$1
kotlinx.coroutines.flow.FlowKt__ZipKt$nullArrayFactory$1
kotlinx.coroutines.flow.FlowKt__ZipKt
kotlinx.coroutines.flow.LintKt$retry$1
kotlinx.coroutines.flow.LintKt
kotlinx.coroutines.flow.MutableSharedFlow
kotlinx.coroutines.flow.MutableStateFlow
kotlinx.coroutines.flow.ReadonlySharedFlow
kotlinx.coroutines.flow.ReadonlyStateFlow
kotlinx.coroutines.flow.SafeFlow
kotlinx.coroutines.flow.SharedFlow
kotlinx.coroutines.flow.SharedFlowImpl$Emitter
kotlinx.coroutines.flow.SharedFlowImpl$WhenMappings
kotlinx.coroutines.flow.SharedFlowImpl$collect$1
kotlinx.coroutines.flow.SharedFlowImpl
kotlinx.coroutines.flow.SharedFlowKt
kotlinx.coroutines.flow.SharedFlowSlot
kotlinx.coroutines.flow.SharingCommand
kotlinx.coroutines.flow.SharingConfig
kotlinx.coroutines.flow.SharingStarted$Companion
kotlinx.coroutines.flow.SharingStarted
kotlinx.coroutines.flow.SharingStartedKt
kotlinx.coroutines.flow.StartedEagerly
kotlinx.coroutines.flow.StartedLazily$command$1$1$emit$1
kotlinx.coroutines.flow.StartedLazily$command$1$1
kotlinx.coroutines.flow.StartedLazily$command$1
kotlinx.coroutines.flow.StartedLazily
kotlinx.coroutines.flow.StartedWhileSubscribed$command$1
kotlinx.coroutines.flow.StartedWhileSubscribed$command$2
kotlinx.coroutines.flow.StartedWhileSubscribed
kotlinx.coroutines.flow.StateFlow
kotlinx.coroutines.flow.StateFlowImpl$collect$1
kotlinx.coroutines.flow.StateFlowImpl
kotlinx.coroutines.flow.StateFlowKt
kotlinx.coroutines.flow.StateFlowSlot
kotlinx.coroutines.flow.SubscribedFlowCollector$onSubscription$1
kotlinx.coroutines.flow.SubscribedFlowCollector
kotlinx.coroutines.flow.SubscribedSharedFlow$collect$1
kotlinx.coroutines.flow.SubscribedSharedFlow
kotlinx.coroutines.flow.ThrowingCollector
kotlinx.coroutines.flow.internal.AbortFlowException
kotlinx.coroutines.flow.internal.AbstractSharedFlow
kotlinx.coroutines.flow.internal.AbstractSharedFlowKt
kotlinx.coroutines.flow.internal.AbstractSharedFlowSlot
kotlinx.coroutines.flow.internal.ChannelFlow$collect$2
kotlinx.coroutines.flow.internal.ChannelFlow$collectToFun$1
kotlinx.coroutines.flow.internal.ChannelFlow
kotlinx.coroutines.flow.internal.ChannelFlowKt
kotlinx.coroutines.flow.internal.ChannelFlowMerge$collectTo$2$1
kotlinx.coroutines.flow.internal.ChannelFlowMerge$collectTo$2$emit$1
kotlinx.coroutines.flow.internal.ChannelFlowMerge$collectTo$2
kotlinx.coroutines.flow.internal.ChannelFlowMerge
kotlinx.coroutines.flow.internal.ChannelFlowOperator$collectWithContextUndispatched$2
kotlinx.coroutines.flow.internal.ChannelFlowOperator
kotlinx.coroutines.flow.internal.ChannelFlowOperatorImpl
kotlinx.coroutines.flow.internal.ChannelFlowTransformLatest$flowCollect$3$1$2